<?xml version="1.0" encoding="UTF-8"?>
<testsuite name="com.novafocus.alphabetlauncher.AppGroupingTest" tests="3" skipped="0" failures="0" errors="0" timestamp="2026-09-24T16:47:11" hostname="cachyos-x8664" time="0.034">
  <properties/>
  <testcase name="testDigitAndSymbolFallbackToHash" classname="com.novafocus.alphabetlauncher.AppGroupingTest" time="0.017"/>
  <testcase name="testAppGroupingByLetter" classname="com.novafocus.alphabetlauncher.AppGroupingTest" time="0.016"/>
  <testcase name="testNormalLetterExtraction" classname="com.novafocus.alphabetlauncher.AppGroupingTest" time="0.0"/>
  <system-out><![CDATA[]]></system-out>
  <system-err><![CDATA[]]></system-err>
</testsuite>
